[debug] [2021-12-15T19:39:08.508Z] ----------------------------------------------------------------------
[debug] [2021-12-15T19:39:08.528Z] Command:       C:\Program Files\nodejs\node.exe C:\Users\Stephen Asante\AppData\Roaming\npm\node_modules\firebase-tools\lib\bin\firebase.js init
[debug] [2021-12-15T19:39:08.533Z] CLI Version:   9.23.0
[debug] [2021-12-15T19:39:08.534Z] Platform:      win32
[debug] [2021-12-15T19:39:08.535Z] Node Version:  v16.13.0
[debug] [2021-12-15T19:39:08.543Z] Time:          Wed Dec 15 2021 19:39:08 GMT+0000 (Greenwich Mean Time)
[debug] [2021-12-15T19:39:08.545Z] ----------------------------------------------------------------------
[debug] 
[debug] [2021-12-15T19:39:08.568Z] >>> [apiv2][query] GET https://firebase-public.firebaseio.com/cli.json [none]
[debug] [2021-12-15T19:39:09.399Z] > command requires scopes: ["email","openid","https://www.googleapis.com/auth/cloudplatformprojects.readonly","https://www.googleapis.com/auth/firebase","https://www.googleapis.com/auth/cloud-platform"]
[debug] [2021-12-15T19:39:09.401Z] > authorizing via signed-in user (eruditejones@gmail.com)
[info] 
     ######## #### ########  ######## ########     ###     ######  ########
     ##        ##  ##     ## ##       ##     ##  ##   ##  ##       ##
     ######    ##  ########  ######   ########  #########  ######  ######
     ##        ##  ##    ##  ##       ##     ## ##     ##       ## ##
     ##       #### ##     ## ######## ########  ##     ##  ######  ########

You're about to initialize a Firebase project in this directory:

  C:\Users\Stephen Asante\Desktop\PeekAndLearn\pl

Before we get started, keep in mind:

  * You are initializing within an existing Firebase project directory

[debug] [2021-12-15T19:39:10.419Z] <<< [apiv2][status] GET https://firebase-public.firebaseio.com/cli.json 200
[debug] [2021-12-15T19:39:10.428Z] <<< [apiv2][body] GET https://firebase-public.firebaseio.com/cli.json {"cloudBuildErrorAfter":1594252800000,"cloudBuildWarnAfter":1590019200000,"defaultNode10After":1594252800000,"minVersion":"3.0.5","node8DeploysDisabledAfter":1613390400000,"node8RuntimeDisabledAfter":1615809600000,"node8WarnAfter":1600128000000}
[info] 
=== Project Setup
[info] 
[info] First, let's associate this project directory with a Firebase project.
[info] You can create multiple project aliases by running firebase use --add, 
[info] but for now we'll just set up a default project.
[info] 
[debug] [2021-12-15T19:39:50.861Z] > refreshing access token with scopes: []
[debug] [2021-12-15T19:39:50.866Z] >>> HTTP REQUEST POST https://www.googleapis.com/oauth2/v3/token  
 <request body omitted>
[debug] [2021-12-15T19:39:51.335Z] <<< HTTP RESPONSE 200 {"cache-control":"no-cache, no-store, max-age=0, must-revalidate","pragma":"no-cache","date":"Wed, 15 Dec 2021 19:39:51 GMT","expires":"Mon, 01 Jan 1990 00:00:00 GMT","content-type":"application/json; charset=utf-8","vary":"X-Origin, Referer, Origin,Accept-Encoding","server":"scaffolding on HTTPServer2","x-xss-protection":"0","x-frame-options":"SAMEORIGIN","x-content-type-options":"nosniff","alt-svc":"h3=\":443\"; ma=2592000,h3-29=\":443\"; ma=2592000,h3-Q050=\":443\"; ma=2592000,h3-Q046=\":443\"; ma=2592000,h3-Q043=\":443\"; ma=2592000,quic=\":443\"; ma=2592000; v=\"46,43\"","accept-ranges":"none","transfer-encoding":"chunked"}
[debug] [2021-12-15T19:39:51.391Z] >>> [apiv2][query] GET https://firebase.googleapis.com/v1beta1/projects/react-getting-started-5c3c3 [none]
[debug] [2021-12-15T19:39:52.066Z] <<< [apiv2][status] GET https://firebase.googleapis.com/v1beta1/projects/react-getting-started-5c3c3 200
[debug] [2021-12-15T19:39:52.067Z] <<< [apiv2][body] GET https://firebase.googleapis.com/v1beta1/projects/react-getting-started-5c3c3 {"projectId":"react-getting-started-5c3c3","projectNumber":"546193158370","displayName":"react-getting-started","name":"projects/react-getting-started-5c3c3","resources":{"hostingSite":"react-getting-started-5c3c3","realtimeDatabaseInstance":"react-getting-started-5c3c3-default-rtdb"},"state":"ACTIVE"}
[info] i  Using project react-getting-started-5c3c3 (react-getting-started) 
[info] 
=== Hosting:github Setup
[info] 
[info] i  Detected a .git folder at C:\Users\Stephen Asante\Desktop\PeekAndLearn\pl 
[info] i  Authorizing with GitHub to upload your service account to a GitHub repository's secrets store. 
[info] 
[info] Visit this URL on this device to log in:
[info] https://github.com/login/oauth/authorize?client_id=89cf50f02ac6aaed3484&state=308312059&redirect_uri=http%3A%2F%2Flocalhost%3A9005&scope=read%3Auser%20repo%20public_repo
[info] 
[info] Waiting for authentication...
[debug] [2021-12-15T19:40:18.625Z] >>> HTTP REQUEST POST https://github.com/login/oauth/access_token  
 {"client_id":"89cf50f02ac6aaed3484","client_secret":"3330d14abc895d9a74d5f17cd7a00711fa2c5bf0","code":"5260de1e8c965b1b0bdd","redirect_uri":"http://localhost:9005","state":"308312059"}
[debug] [2021-12-15T19:40:19.298Z] <<< HTTP RESPONSE 200 {"server":"GitHub.com","date":"Wed, 15 Dec 2021 19:40:19 GMT","content-type":"application/json; charset=utf-8","transfer-encoding":"chunked","vary":"X-PJAX, X-PJAX-Container, Accept-Encoding, Accept, X-Requested-With","permissions-policy":"interest-cohort=()","etag":"W/\"3f6bdd58b9b00df1f0e70962cb6a18dc\"","cache-control":"max-age=0, private, must-revalidate","strict-transport-security":"max-age=31536000; includeSubdomains; preload","x-frame-options":"deny","x-content-type-options":"nosniff","x-xss-protection":"0","referrer-policy":"origin-when-cross-origin, strict-origin-when-cross-origin","expect-ct":"max-age=2592000, report-uri=\"https://api.github.com/_private/browser/errors\"","content-security-policy":"default-src 'none'; base-uri 'self'; block-all-mixed-content; child-src github.com/assets-cdn/worker/ gist.github.com/assets-cdn/worker/; connect-src 'self' uploads.github.com objects-origin.githubusercontent.com www.githubstatus.com collector.githubapp.com api.github.com github-cloud.s3.amazonaws.com github-production-repository-file-5c1aeb.s3.amazonaws.com github-production-upload-manifest-file-7fdce7.s3.amazonaws.com github-production-user-asset-6210df.s3.amazonaws.com cdn.optimizely.com logx.optimizely.com/v1/events translator.github.com wss://alive.github.com; font-src github.githubassets.com; form-action 'self' github.com gist.github.com objects-origin.githubusercontent.com; frame-ancestors 'none'; frame-src render.githubusercontent.com viewscreen.githubusercontent.com notebooks.githubusercontent.com; img-src 'self' data: github.githubassets.com identicons.github.com collector.githubapp.com github-cloud.s3.amazonaws.com secured-user-images.githubusercontent.com/ *.githubusercontent.com; manifest-src 'self'; media-src github.com user-images.githubusercontent.com/; script-src github.githubassets.com; style-src 'unsafe-inline' github.githubassets.com; worker-src github.com/assets-cdn/worker/ gist.github.com/assets-cdn/worker/","x-github-request-id":"C73D:398F:10CE234:11B4AEC:61BA44A3"}
[debug] [2021-12-15T19:40:19.325Z] >>> [apiv2][query] GET https://api.github.com/user [none]
[debug] [2021-12-15T19:40:20.051Z] <<< [apiv2][status] GET https://api.github.com/user 200
[debug] [2021-12-15T19:40:20.053Z] <<< [apiv2][body] GET https://api.github.com/user {"login":"NANELJONES","id":51269696,"node_id":"MDQ6VXNlcjUxMjY5Njk2","avatar_url":"https://avatars.githubusercontent.com/u/51269696?v=4","gravatar_id":"","url":"https://api.github.com/users/NANELJONES","html_url":"https://github.com/NANELJONES","followers_url":"https://api.github.com/users/NANELJONES/followers","following_url":"https://api.github.com/users/NANELJONES/following{/other_user}","gists_url":"https://api.github.com/users/NANELJONES/gists{/gist_id}","starred_url":"https://api.github.com/users/NANELJONES/starred{/owner}{/repo}","subscriptions_url":"https://api.github.com/users/NANELJONES/subscriptions","organizations_url":"https://api.github.com/users/NANELJONES/orgs","repos_url":"https://api.github.com/users/NANELJONES/repos","events_url":"https://api.github.com/users/NANELJONES/events{/privacy}","received_events_url":"https://api.github.com/users/NANELJONES/received_events","type":"User","site_admin":false,"name":null,"company":null,"blog":"","location":null,"email":null,"hireable":null,"bio":null,"twitter_username":null,"public_repos":2,"public_gists":0,"followers":0,"following":0,"created_at":"2019-06-01T16:17:24Z","updated_at":"2021-12-04T21:50:55Z","private_gists":0,"total_private_repos":0,"owned_private_repos":0,"disk_usage":78179,"collaborators":0,"two_factor_authentication":false,"plan":{"name":"free","space":976562499,"collaborators":0,"private_repos":10000}}
[info] 
[info] +  Success! Logged into GitHub as NANELJONES 
[info] 
[debug] [2021-12-15T19:41:20.291Z] >>> [apiv2][query] GET https://api.github.com/repos/public/actions/secrets/public-key type=owner
[debug] [2021-12-15T19:41:20.900Z] <<< [apiv2][status] GET https://api.github.com/repos/public/actions/secrets/public-key 404
[debug] [2021-12-15T19:41:20.901Z] <<< [apiv2][body] GET https://api.github.com/repos/public/actions/secrets/public-key {"message":"Not Found","documentation_url":"https://docs.github.com/rest"}
[debug] [2021-12-15T19:41:40.974Z] >>> [apiv2][query] GET https://api.github.com/repos/?/actions/secrets/public-key type=owner
[debug] [2021-12-15T19:41:41.520Z] <<< [apiv2][status] GET https://api.github.com/repos/?/actions/secrets/public-key 404
[debug] [2021-12-15T19:41:41.521Z] <<< [apiv2][body] GET https://api.github.com/repos/?/actions/secrets/public-key {"message":"Not Found","documentation_url":"https://docs.github.com/rest"}
[debug] [2021-12-15T19:41:46.448Z] >>> [apiv2][query] GET https://api.github.com/repos/none/actions/secrets/public-key type=owner
[debug] [2021-12-15T19:41:47.029Z] <<< [apiv2][status] GET https://api.github.com/repos/none/actions/secrets/public-key 404
[debug] [2021-12-15T19:41:47.030Z] <<< [apiv2][body] GET https://api.github.com/repos/none/actions/secrets/public-key {"message":"Not Found","documentation_url":"https://docs.github.com/rest"}
[debug] [2021-12-15T19:41:49.372Z] >>> [apiv2][query] GET https://api.github.com/repos/close/actions/secrets/public-key type=owner
[debug] [2021-12-15T19:41:49.694Z] >>> [apiv2][query] GET https://api.github.com/repos//actions/secrets/public-key type=owner
[debug] [2021-12-15T19:41:49.953Z] <<< [apiv2][status] GET https://api.github.com/repos/close/actions/secrets/public-key 404
[debug] [2021-12-15T19:41:49.954Z] <<< [apiv2][body] GET https://api.github.com/repos/close/actions/secrets/public-key {"message":"Not Found","documentation_url":"https://docs.github.com/rest"}
[debug] [2021-12-15T19:41:50.252Z] <<< [apiv2][status] GET https://api.github.com/repos//actions/secrets/public-key 404
[debug] [2021-12-15T19:41:50.252Z] <<< [apiv2][body] GET https://api.github.com/repos//actions/secrets/public-key {"message":"Not Found","documentation_url":"https://docs.github.com/rest"}
[debug] [2021-12-15T19:44:16.570Z] ----------------------------------------------------------------------
[debug] [2021-12-15T19:44:16.588Z] Command:       C:\Program Files\nodejs\node.exe C:\Users\Stephen Asante\AppData\Roaming\npm\node_modules\firebase-tools\lib\bin\firebase.js init
[debug] [2021-12-15T19:44:16.592Z] CLI Version:   9.23.0
[debug] [2021-12-15T19:44:16.594Z] Platform:      win32
[debug] [2021-12-15T19:44:16.595Z] Node Version:  v16.13.0
[debug] [2021-12-15T19:44:16.602Z] Time:          Wed Dec 15 2021 19:44:16 GMT+0000 (Greenwich Mean Time)
[debug] [2021-12-15T19:44:16.604Z] ----------------------------------------------------------------------
[debug] 
[debug] [2021-12-15T19:44:17.094Z] > command requires scopes: ["email","openid","https://www.googleapis.com/auth/cloudplatformprojects.readonly","https://www.googleapis.com/auth/firebase","https://www.googleapis.com/auth/cloud-platform"]
[debug] [2021-12-15T19:44:17.098Z] > authorizing via signed-in user (eruditejones@gmail.com)
[info] 
     ######## #### ########  ######## ########     ###     ######  ########
     ##        ##  ##     ## ##       ##     ##  ##   ##  ##       ##
     ######    ##  ########  ######   ########  #########  ######  ######
     ##        ##  ##    ##  ##       ##     ## ##     ##       ## ##
     ##       #### ##     ## ######## ########  ##     ##  ######  ########

You're about to initialize a Firebase project in this directory:

  C:\Users\Stephen Asante\Desktop\PeekAndLearn\pl

Before we get started, keep in mind:

  * You are initializing within an existing Firebase project directory

